<?xml version="1.0" encoding="UTF-8"?>
<!-- Generated by org.testng.reporters.JUnitXMLReporter -->
<testsuite ignored="4" hostname="LTIN194564" failures="0" tests="20" name="Test" time="188.78" errors="0" timestamp="2024-03-07T15:07:42 IST">
  <testcase classname="testcase.case1" name="test" time="25.08"/>
  <testcase classname="testcase.case1" name="test1" time="4.373"/>
  <testcase classname="testcase.case1" name="test2" time="8.652"/>
  <testcase classname="testcase.case1" name="test3" time="7.525"/>
  <testcase classname="testcase.case1" name="test4" time="0.238"/>
  <testcase classname="testcase.case1" name="test5" time="1.731"/>
  <testcase classname="testcase.case1" name="test6" time="68.424"/>
  <testcase classname="testcase.case1" name="test7" time="24.368"/>
  <testcase classname="testcase.case2" name="test" time="12.261"/>
  <testcase classname="testcase.case2" name="test1" time="9.035"/>
  <testcase classname="testcase.case2" name="test2" time="0.599"/>
  <testcase classname="testcase.case2" name="test3" time="0.174"/>
  <testcase classname="testcase.case2" name="test4" time="0.345"/>
  <testcase classname="testcase.case2" name="test5" time="0.386"/>
  <testcase classname="testcase.case2" name="test6" time="0.749"/>
  <testcase classname="testcase.case2" name="test7" time="0.233"/>
  <testcase classname="testcase.case2" name="test8" time="0.505"/>
  <testcase classname="testcase.case2" name="test9" time="5.207"/>
  <testcase classname="testcase.case3" name="test1" time="2.163"/>
  <testcase classname="testcase.case3" name="test2" time="1.194"/>
  <testcase classname="testbase.baseclass" name="@BeforeTest openbrowser" time="0.0">
    <ignored/>
  </testcase> <!-- @BeforeTest openbrowser -->
  <testcase classname="testbase.baseclass" name="@BeforeTest openbrowser" time="0.0">
    <ignored/>
  </testcase> <!-- @BeforeTest openbrowser -->
  <testcase classname="testbase.baseclass" name="@AfterTest closebrowser" time="0.0">
    <ignored/>
  </testcase> <!-- @AfterTest closebrowser -->
  <testcase classname="testbase.baseclass" name="@AfterTest closebrowser" time="0.0">
    <ignored/>
  </testcase> <!-- @AfterTest closebrowser -->
</testsuite> <!-- Test -->
