<?xml version="1.0" encoding="UTF-8"?>
<!-- Generated by org.testng.reporters.JUnitXMLReporter -->
<testsuite ignored="12" hostname="LTIN194564" failures="0" tests="12" name="Test1" time="40.41" errors="0" timestamp="2024-03-05T14:01:15 IST">
  <testcase classname="testcase.case2" name="test" time="10.373"/>
  <testcase classname="testcase.case2" name="test1" time="4.217"/>
  <testcase classname="testcase.case2" name="test2" time="0.205"/>
  <testcase classname="testcase.case2" name="test3" time="0.232"/>
  <testcase classname="testcase.case2" name="test4" time="0.411"/>
  <testcase classname="testcase.case2" name="test5" time="0.194"/>
  <testcase classname="testcase.case2" name="test6" time="0.589"/>
  <testcase classname="testcase.case2" name="test7" time="0.399"/>
  <testcase classname="testcase.case2" name="test8" time="0.641"/>
  <testcase classname="testcase.case2" name="test9" time="1.446"/>
  <testcase classname="testcase.case3" name="test1" time="3.356"/>
  <testcase classname="testcase.case3" name="test2" time="1.713"/>
  <testcase classname="testcase.case1" name="test" time="0.0">
    <ignored/>
  </testcase> <!-- test -->
  <testcase classname="testcase.case1" name="test3" time="0.0">
    <ignored/>
  </testcase> <!-- test3 -->
  <testcase classname="testbase.baseclass" name="@BeforeTest openbrowser" time="0.0">
    <ignored/>
  </testcase> <!-- @BeforeTest openbrowser -->
  <testcase classname="testbase.baseclass" name="@BeforeTest openbrowser" time="0.0">
    <ignored/>
  </testcase> <!-- @BeforeTest openbrowser -->
  <testcase classname="testcase.case1" name="test6" time="0.0">
    <ignored/>
  </testcase> <!-- test6 -->
  <testcase classname="testcase.case1" name="test4" time="0.0">
    <ignored/>
  </testcase> <!-- test4 -->
  <testcase classname="testcase.case1" name="test2" time="0.0">
    <ignored/>
  </testcase> <!-- test2 -->
  <testcase classname="testcase.case1" name="test5" time="0.0">
    <ignored/>
  </testcase> <!-- test5 -->
  <testcase classname="testbase.baseclass" name="@AfterTest closebrowser" time="0.0">
    <ignored/>
  </testcase> <!-- @AfterTest closebrowser -->
  <testcase classname="testbase.baseclass" name="@AfterTest closebrowser" time="0.0">
    <ignored/>
  </testcase> <!-- @AfterTest closebrowser -->
  <testcase classname="testcase.case1" name="test1" time="0.0">
    <ignored/>
  </testcase> <!-- test1 -->
  <testcase classname="testcase.case1" name="test7" time="0.0">
    <ignored/>
  </testcase> <!-- test7 -->
</testsuite> <!-- Test1 -->
